<?xml version="1.0" encoding="UTF-8"?>
<testng-results ignored="0" total="2" passed="2" failed="0" skipped="0">
  <reporter-output>
  </reporter-output>
  <suite started-at="2020-09-23T16:55:09 IST" name="Default suite" finished-at="2020-09-23T16:55:31 IST" duration-ms="21755">
    <groups>
    </groups>
    <test started-at="2020-09-23T16:55:09 IST" name="Default test" finished-at="2020-09-23T16:55:31 IST" duration-ms="21755">
      <class name="com.atmecs.dataProviders.LoginTest">
        <test-method signature="loginTest(java.lang.String, java.lang.String)[pri:0, instance:com.atmecs.dataProviders.LoginTest@7a4ccb53]" started-at="2020-09-23T16:55:09 IST" name="loginTest" data-provider="facebookLogin" finished-at="2020-09-23T16:55:20 IST" duration-ms="10824" status="PASS">
          <params>
            <param index="0">
              <value>
                <![CDATA[sad@gmail.com]]>
              </value>
            </param>
            <param index="1">
              <value>
                <![CDATA[abc@11]]>
              </value>
            </param>
          </params>
          <reporter-output>
          </reporter-output>
        </test-method> <!-- loginTest -->
        <test-method signature="loginTest(java.lang.String, java.lang.String)[pri:0, instance:com.atmecs.dataProviders.LoginTest@7a4ccb53]" started-at="2020-09-23T16:55:20 IST" name="loginTest" data-provider="facebookLogin" finished-at="2020-09-23T16:55:31 IST" duration-ms="10863" status="PASS">
          <params>
            <param index="0">
              <value>
                <![CDATA[abc@gmail.com]]>
              </value>
            </param>
            <param index="1">
              <value>
                <![CDATA[abc@11]]>
              </value>
            </param>
          </params>
          <reporter-output>
          </reporter-output>
        </test-method> <!-- loginTest -->
      </class> <!-- com.atmecs.dataProviders.LoginTest -->
    </test> <!-- Default test -->
  </suite> <!-- Default suite -->
</testng-results>
