<?xml version="1.0" encoding="UTF-8"?>
<!-- Generated by org.testng.reporters.JUnitXMLReporter -->
<testsuite ignored="0" hostname="ATMECSINLT-601" failures="1" tests="2" name="Test" time="39.438" errors="0" timestamp="2020-09-28T16:25:43 IST">
  <testcase classname="com.atemcs.demo_automation.Registration" name="registration" time="0.0">
    <failure type="org.testng.TestNGException" message="
Cannot inject @Test annotated Method [registration] with [class java.lang.String, class java.lang.String, class java.lang.String, class java.lang.String, class java.lang.String, class java.lang.String, class java.lang.String].
For more information on native dependency injection please refer to https://testng.org/doc/documentation-main.html#native-dependency-injection">
      <![CDATA[org.testng.TestNGException: 
Cannot inject @Test annotated Method [registration] with [class java.lang.String, class java.lang.String, class java.lang.String, class java.lang.String, class java.lang.String, class java.lang.String, class java.lang.String].
For more information on native dependency injection please refer to https://testng.org/doc/documentation-main.html#native-dependency-injection
at java.base/java.util.ArrayList.forEach(ArrayList.java:1510)
... Removed 26 stack frames]]>
    </failure>
  </testcase> <!-- registration -->
  <testcase classname="com.atemcs.demo_automation.HandlingIconWindows" name="handlingIconWindows" time="28.603"/>
</testsuite> <!-- Test -->
