<?xml version="1.0" encoding="UTF-8"?>
<!-- Generated by org.testng.reporters.JUnitXMLReporter -->
<testsuite ignored="0" hostname="ATMECSINLT-601" failures="0" tests="6" name="Test" time="111.526" errors="0" timestamp="2020-09-28T18:11:35 IST">
  <testcase classname="com.atmecs.handling_frames.HandlingFrames" name="handlingFrames" time="10.17"/>
  <testcase classname="com.atmecs.handling_frames.HandlingFrames" name="handlingFrames" time="10.045"/>
  <testcase classname="com.atmecs.handling_frames.HandlingFrames" name="handlingFrames" time="9.978"/>
  <testcase classname="com.atmecs.handling_frames.HandlingFrames" name="handlingFrames" time="9.057"/>
  <testcase classname="com.atmecs.handling_frames.HandlingFrames" name="handlingFrames" time="9.731"/>
  <testcase classname="com.atmecs.handling_frames.HandlingFrames" name="handlingFrames" time="9.552"/>
</testsuite> <!-- Test -->
