<?xml version="1.0" encoding="UTF-8"?>
<testng-results ignored="0" total="16" passed="16" failed="0" skipped="0">
  <reporter-output>
  </reporter-output>
  <suite started-at="2020-09-28T20:03:45 IST" name="Suite" finished-at="2020-09-28T20:06:11 IST" duration-ms="145934">
    <groups>
    </groups>
    <test started-at="2020-09-28T20:03:45 IST" name="Test" finished-at="2020-09-28T20:06:11 IST" duration-ms="145934">
      <class name="com.atmecs.demo_blazesite.SignIn">
        <test-method is-config="true" signature="beforeTest()[pri:0, instance:com.atmecs.demo_blazesite.SignIn@6af93788]" started-at="2020-09-28T20:04:02 IST" name="beforeTest" finished-at="2020-09-28T20:04:10 IST" duration-ms="8007" status="PASS">
          <reporter-output>
          </reporter-output>
        </test-method> <!-- beforeTest -->
        <test-method signature="signIn(java.lang.String, java.lang.String)[pri:0, instance:com.atmecs.demo_blazesite.SignIn@6af93788]" started-at="2020-09-28T20:04:10 IST" name="signIn" data-provider="readData" finished-at="2020-09-28T20:04:12 IST" duration-ms="1428" status="PASS">
          <params>
            <param index="0">
              <value>
                <![CDATA[anu]]>
              </value>
            </param>
            <param index="1">
              <value>
                <![CDATA[Dev@12]]>
              </value>
            </param>
          </params>
          <reporter-output>
          </reporter-output>
        </test-method> <!-- signIn -->
        <test-method is-config="true" signature="afterTest()[pri:0, instance:com.atmecs.demo_blazesite.SignIn@6af93788]" started-at="2020-09-28T20:04:12 IST" name="afterTest" finished-at="2020-09-28T20:04:12 IST" duration-ms="374" status="PASS">
          <reporter-output>
          </reporter-output>
        </test-method> <!-- afterTest -->
        <test-method is-config="true" signature="beforeTest()[pri:0, instance:com.atmecs.demo_blazesite.SignIn@6af93788]" started-at="2020-09-28T20:04:12 IST" name="beforeTest" finished-at="2020-09-28T20:04:19 IST" duration-ms="6741" status="PASS">
          <reporter-output>
          </reporter-output>
        </test-method> <!-- beforeTest -->
        <test-method signature="signIn(java.lang.String, java.lang.String)[pri:0, instance:com.atmecs.demo_blazesite.SignIn@6af93788]" started-at="2020-09-28T20:04:19 IST" name="signIn" data-provider="readData" finished-at="2020-09-28T20:04:20 IST" duration-ms="1407" status="PASS">
          <params>
            <param index="0">
              <value>
                <![CDATA[manu]]>
              </value>
            </param>
            <param index="1">
              <value>
                <![CDATA[swg@11]]>
              </value>
            </param>
          </params>
          <reporter-output>
          </reporter-output>
        </test-method> <!-- signIn -->
        <test-method is-config="true" signature="afterTest()[pri:0, instance:com.atmecs.demo_blazesite.SignIn@6af93788]" started-at="2020-09-28T20:04:20 IST" name="afterTest" finished-at="2020-09-28T20:04:21 IST" duration-ms="289" status="PASS">
          <reporter-output>
          </reporter-output>
        </test-method> <!-- afterTest -->
        <test-method is-config="true" signature="beforeTest()[pri:0, instance:com.atmecs.demo_blazesite.SignIn@6af93788]" started-at="2020-09-28T20:04:21 IST" name="beforeTest" finished-at="2020-09-28T20:04:28 IST" duration-ms="6969" status="PASS">
          <reporter-output>
          </reporter-output>
        </test-method> <!-- beforeTest -->
        <test-method signature="signIn(java.lang.String, java.lang.String)[pri:0, instance:com.atmecs.demo_blazesite.SignIn@6af93788]" started-at="2020-09-28T20:04:28 IST" name="signIn" data-provider="readData" finished-at="2020-09-28T20:04:29 IST" duration-ms="1429" status="PASS">
          <params>
            <param index="0">
              <value>
                <![CDATA[banu]]>
              </value>
            </param>
            <param index="1">
              <value>
                <![CDATA[lkj@37]]>
              </value>
            </param>
          </params>
          <reporter-output>
          </reporter-output>
        </test-method> <!-- signIn -->
        <test-method is-config="true" signature="afterTest()[pri:0, instance:com.atmecs.demo_blazesite.SignIn@6af93788]" started-at="2020-09-28T20:04:29 IST" name="afterTest" finished-at="2020-09-28T20:04:29 IST" duration-ms="315" status="PASS">
          <reporter-output>
          </reporter-output>
        </test-method> <!-- afterTest -->
        <test-method is-config="true" signature="beforeTest()[pri:0, instance:com.atmecs.demo_blazesite.SignIn@6af93788]" started-at="2020-09-28T20:04:29 IST" name="beforeTest" finished-at="2020-09-28T20:04:35 IST" duration-ms="6204" status="PASS">
          <reporter-output>
          </reporter-output>
        </test-method> <!-- beforeTest -->
        <test-method signature="signIn(java.lang.String, java.lang.String)[pri:0, instance:com.atmecs.demo_blazesite.SignIn@6af93788]" started-at="2020-09-28T20:04:35 IST" name="signIn" data-provider="readData" finished-at="2020-09-28T20:04:37 IST" duration-ms="1431" status="PASS">
          <params>
            <param index="0">
              <value>
                <![CDATA[vanu]]>
              </value>
            </param>
            <param index="1">
              <value>
                <![CDATA[mng@45]]>
              </value>
            </param>
          </params>
          <reporter-output>
          </reporter-output>
        </test-method> <!-- signIn -->
        <test-method is-config="true" signature="afterTest()[pri:0, instance:com.atmecs.demo_blazesite.SignIn@6af93788]" started-at="2020-09-28T20:04:37 IST" name="afterTest" finished-at="2020-09-28T20:04:37 IST" duration-ms="355" status="PASS">
          <reporter-output>
          </reporter-output>
        </test-method> <!-- afterTest -->
        <test-method is-config="true" signature="beforeTest()[pri:0, instance:com.atmecs.demo_blazesite.SignIn@6af93788]" started-at="2020-09-28T20:04:37 IST" name="beforeTest" finished-at="2020-09-28T20:04:45 IST" duration-ms="7394" status="PASS">
          <reporter-output>
          </reporter-output>
        </test-method> <!-- beforeTest -->
        <test-method signature="signIn(java.lang.String, java.lang.String)[pri:0, instance:com.atmecs.demo_blazesite.SignIn@6af93788]" started-at="2020-09-28T20:04:45 IST" name="signIn" data-provider="readData" finished-at="2020-09-28T20:04:47 IST" duration-ms="1887" status="PASS">
          <params>
            <param index="0">
              <value>
                <![CDATA[thenu]]>
              </value>
            </param>
            <param index="1">
              <value>
                <![CDATA[then@11]]>
              </value>
            </param>
          </params>
          <reporter-output>
          </reporter-output>
        </test-method> <!-- signIn -->
        <test-method is-config="true" signature="afterTest()[pri:0, instance:com.atmecs.demo_blazesite.SignIn@6af93788]" started-at="2020-09-28T20:04:47 IST" name="afterTest" finished-at="2020-09-28T20:04:47 IST" duration-ms="265" status="PASS">
          <reporter-output>
          </reporter-output>
        </test-method> <!-- afterTest -->
      </class> <!-- com.atmecs.demo_blazesite.SignIn -->
      <class name="com.atmecs.demo_blazesite.AddProduct">
        <test-method is-config="true" signature="beforeTest()[pri:0, instance:com.atmecs.demo_blazesite.AddProduct@2f7c2f4f]" started-at="2020-09-28T20:03:45 IST" name="beforeTest" finished-at="2020-09-28T20:03:53 IST" duration-ms="8026" status="PASS">
          <reporter-output>
          </reporter-output>
        </test-method> <!-- beforeTest -->
        <test-method signature="addProduct()[pri:0, instance:com.atmecs.demo_blazesite.AddProduct@2f7c2f4f]" started-at="2020-09-28T20:03:53 IST" name="addProduct" finished-at="2020-09-28T20:03:58 IST" duration-ms="4219" status="PASS">
          <reporter-output>
          </reporter-output>
        </test-method> <!-- addProduct -->
        <test-method is-config="true" signature="afterTest()[pri:0, instance:com.atmecs.demo_blazesite.AddProduct@2f7c2f4f]" started-at="2020-09-28T20:03:58 IST" name="afterTest" finished-at="2020-09-28T20:04:02 IST" duration-ms="4082" status="PASS">
          <reporter-output>
          </reporter-output>
        </test-method> <!-- afterTest -->
      </class> <!-- com.atmecs.demo_blazesite.AddProduct -->
      <class name="com.atmecs.demo_blazesite.ContactUs">
        <test-method is-config="true" signature="beforeTest()[pri:0, instance:com.atmecs.demo_blazesite.ContactUs@ef9296d]" started-at="2020-09-28T20:04:47 IST" name="beforeTest" finished-at="2020-09-28T20:04:53 IST" duration-ms="6498" status="PASS">
          <reporter-output>
          </reporter-output>
        </test-method> <!-- beforeTest -->
        <test-method signature="contactUs(java.lang.String, java.lang.String, java.lang.String)[pri:0, instance:com.atmecs.demo_blazesite.ContactUs@ef9296d]" started-at="2020-09-28T20:04:53 IST" name="contactUs" data-provider="readData" finished-at="2020-09-28T20:04:54 IST" duration-ms="505" status="PASS">
          <params>
            <param index="0">
              <value>
                <![CDATA[alfin.anthonyraj@atmecs.com]]>
              </value>
            </param>
            <param index="1">
              <value>
                <![CDATA[abc]]>
              </value>
            </param>
            <param index="2">
              <value>
                <![CDATA[Good One]]>
              </value>
            </param>
          </params>
          <reporter-output>
          </reporter-output>
        </test-method> <!-- contactUs -->
        <test-method is-config="true" signature="afterTest()[pri:0, instance:com.atmecs.demo_blazesite.ContactUs@ef9296d]" started-at="2020-09-28T20:04:54 IST" name="afterTest" finished-at="2020-09-28T20:04:58 IST" duration-ms="4109" status="PASS">
          <reporter-output>
          </reporter-output>
        </test-method> <!-- afterTest -->
        <test-method is-config="true" signature="beforeTest()[pri:0, instance:com.atmecs.demo_blazesite.ContactUs@ef9296d]" started-at="2020-09-28T20:04:58 IST" name="beforeTest" finished-at="2020-09-28T20:05:06 IST" duration-ms="7645" status="PASS">
          <reporter-output>
          </reporter-output>
        </test-method> <!-- beforeTest -->
        <test-method signature="contactUs(java.lang.String, java.lang.String, java.lang.String)[pri:0, instance:com.atmecs.demo_blazesite.ContactUs@ef9296d]" started-at="2020-09-28T20:05:06 IST" name="contactUs" data-provider="readData" finished-at="2020-09-28T20:05:06 IST" duration-ms="552" status="PASS">
          <params>
            <param index="0">
              <value>
                <![CDATA[shanealfin720@gmail.com]]>
              </value>
            </param>
            <param index="1">
              <value>
                <![CDATA[def]]>
              </value>
            </param>
            <param index="2">
              <value>
                <![CDATA[Good One]]>
              </value>
            </param>
          </params>
          <reporter-output>
          </reporter-output>
        </test-method> <!-- contactUs -->
        <test-method is-config="true" signature="afterTest()[pri:0, instance:com.atmecs.demo_blazesite.ContactUs@ef9296d]" started-at="2020-09-28T20:05:06 IST" name="afterTest" finished-at="2020-09-28T20:05:06 IST" duration-ms="266" status="PASS">
          <reporter-output>
          </reporter-output>
        </test-method> <!-- afterTest -->
        <test-method is-config="true" signature="beforeTest()[pri:0, instance:com.atmecs.demo_blazesite.ContactUs@ef9296d]" started-at="2020-09-28T20:05:06 IST" name="beforeTest" finished-at="2020-09-28T20:05:13 IST" duration-ms="6663" status="PASS">
          <reporter-output>
          </reporter-output>
        </test-method> <!-- beforeTest -->
        <test-method signature="contactUs(java.lang.String, java.lang.String, java.lang.String)[pri:0, instance:com.atmecs.demo_blazesite.ContactUs@ef9296d]" started-at="2020-09-28T20:05:13 IST" name="contactUs" data-provider="readData" finished-at="2020-09-28T20:05:14 IST" duration-ms="570" status="PASS">
          <params>
            <param index="0">
              <value>
                <![CDATA[alfin.anthonyraj@atmecs.com]]>
              </value>
            </param>
            <param index="1">
              <value>
                <![CDATA[lkj]]>
              </value>
            </param>
            <param index="2">
              <value>
                <![CDATA[Good One]]>
              </value>
            </param>
          </params>
          <reporter-output>
          </reporter-output>
        </test-method> <!-- contactUs -->
        <test-method is-config="true" signature="afterTest()[pri:0, instance:com.atmecs.demo_blazesite.ContactUs@ef9296d]" started-at="2020-09-28T20:05:14 IST" name="afterTest" finished-at="2020-09-28T20:05:14 IST" duration-ms="295" status="PASS">
          <reporter-output>
          </reporter-output>
        </test-method> <!-- afterTest -->
        <test-method is-config="true" signature="beforeTest()[pri:0, instance:com.atmecs.demo_blazesite.ContactUs@ef9296d]" started-at="2020-09-28T20:05:14 IST" name="beforeTest" finished-at="2020-09-28T20:05:21 IST" duration-ms="7447" status="PASS">
          <reporter-output>
          </reporter-output>
        </test-method> <!-- beforeTest -->
        <test-method signature="contactUs(java.lang.String, java.lang.String, java.lang.String)[pri:0, instance:com.atmecs.demo_blazesite.ContactUs@ef9296d]" started-at="2020-09-28T20:05:21 IST" name="contactUs" data-provider="readData" finished-at="2020-09-28T20:05:22 IST" duration-ms="562" status="PASS">
          <params>
            <param index="0">
              <value>
                <![CDATA[shanealfin720@gmail.com]]>
              </value>
            </param>
            <param index="1">
              <value>
                <![CDATA[mnh]]>
              </value>
            </param>
            <param index="2">
              <value>
                <![CDATA[Good One]]>
              </value>
            </param>
          </params>
          <reporter-output>
          </reporter-output>
        </test-method> <!-- contactUs -->
        <test-method is-config="true" signature="afterTest()[pri:0, instance:com.atmecs.demo_blazesite.ContactUs@ef9296d]" started-at="2020-09-28T20:05:22 IST" name="afterTest" finished-at="2020-09-28T20:05:22 IST" duration-ms="370" status="PASS">
          <reporter-output>
          </reporter-output>
        </test-method> <!-- afterTest -->
        <test-method is-config="true" signature="beforeTest()[pri:0, instance:com.atmecs.demo_blazesite.ContactUs@ef9296d]" started-at="2020-09-28T20:05:22 IST" name="beforeTest" finished-at="2020-09-28T20:05:29 IST" duration-ms="6393" status="PASS">
          <reporter-output>
          </reporter-output>
        </test-method> <!-- beforeTest -->
        <test-method signature="contactUs(java.lang.String, java.lang.String, java.lang.String)[pri:0, instance:com.atmecs.demo_blazesite.ContactUs@ef9296d]" started-at="2020-09-28T20:05:29 IST" name="contactUs" data-provider="readData" finished-at="2020-09-28T20:05:29 IST" duration-ms="580" status="PASS">
          <params>
            <param index="0">
              <value>
                <![CDATA[alfin.anthonyraj@atmecs.com]]>
              </value>
            </param>
            <param index="1">
              <value>
                <![CDATA[bvc]]>
              </value>
            </param>
            <param index="2">
              <value>
                <![CDATA[Good One]]>
              </value>
            </param>
          </params>
          <reporter-output>
          </reporter-output>
        </test-method> <!-- contactUs -->
        <test-method is-config="true" signature="afterTest()[pri:0, instance:com.atmecs.demo_blazesite.ContactUs@ef9296d]" started-at="2020-09-28T20:05:29 IST" name="afterTest" finished-at="2020-09-28T20:05:33 IST" duration-ms="4089" status="PASS">
          <reporter-output>
          </reporter-output>
        </test-method> <!-- afterTest -->
      </class> <!-- com.atmecs.demo_blazesite.ContactUs -->
      <class name="com.atmecs.demo_blazesite.Login">
        <test-method is-config="true" signature="beforeTest()[pri:0, instance:com.atmecs.demo_blazesite.Login@36c88a32]" started-at="2020-09-28T20:05:33 IST" name="beforeTest" finished-at="2020-09-28T20:05:41 IST" duration-ms="7365" status="PASS">
          <reporter-output>
          </reporter-output>
        </test-method> <!-- beforeTest -->
        <test-method signature="logIn(java.lang.String, java.lang.String)[pri:0, instance:com.atmecs.demo_blazesite.Login@36c88a32]" started-at="2020-09-28T20:05:41 IST" name="logIn" data-provider="readData" finished-at="2020-09-28T20:05:41 IST" duration-ms="446" status="PASS">
          <params>
            <param index="0">
              <value>
                <![CDATA[anu]]>
              </value>
            </param>
            <param index="1">
              <value>
                <![CDATA[Dev@12]]>
              </value>
            </param>
          </params>
          <reporter-output>
          </reporter-output>
        </test-method> <!-- logIn -->
        <test-method is-config="true" signature="afterTest()[pri:0, instance:com.atmecs.demo_blazesite.Login@36c88a32]" started-at="2020-09-28T20:05:41 IST" name="afterTest" finished-at="2020-09-28T20:05:42 IST" duration-ms="295" status="PASS">
          <reporter-output>
          </reporter-output>
        </test-method> <!-- afterTest -->
        <test-method is-config="true" signature="beforeTest()[pri:0, instance:com.atmecs.demo_blazesite.Login@36c88a32]" started-at="2020-09-28T20:05:42 IST" name="beforeTest" finished-at="2020-09-28T20:05:48 IST" duration-ms="6227" status="PASS">
          <reporter-output>
          </reporter-output>
        </test-method> <!-- beforeTest -->
        <test-method signature="logIn(java.lang.String, java.lang.String)[pri:0, instance:com.atmecs.demo_blazesite.Login@36c88a32]" started-at="2020-09-28T20:05:48 IST" name="logIn" data-provider="readData" finished-at="2020-09-28T20:05:48 IST" duration-ms="387" status="PASS">
          <params>
            <param index="0">
              <value>
                <![CDATA[manu]]>
              </value>
            </param>
            <param index="1">
              <value>
                <![CDATA[swg@11]]>
              </value>
            </param>
          </params>
          <reporter-output>
          </reporter-output>
        </test-method> <!-- logIn -->
        <test-method is-config="true" signature="afterTest()[pri:0, instance:com.atmecs.demo_blazesite.Login@36c88a32]" started-at="2020-09-28T20:05:48 IST" name="afterTest" finished-at="2020-09-28T20:05:48 IST" duration-ms="268" status="PASS">
          <reporter-output>
          </reporter-output>
        </test-method> <!-- afterTest -->
        <test-method is-config="true" signature="beforeTest()[pri:0, instance:com.atmecs.demo_blazesite.Login@36c88a32]" started-at="2020-09-28T20:05:48 IST" name="beforeTest" finished-at="2020-09-28T20:05:56 IST" duration-ms="7198" status="PASS">
          <reporter-output>
          </reporter-output>
        </test-method> <!-- beforeTest -->
        <test-method signature="logIn(java.lang.String, java.lang.String)[pri:0, instance:com.atmecs.demo_blazesite.Login@36c88a32]" started-at="2020-09-28T20:05:56 IST" name="logIn" data-provider="readData" finished-at="2020-09-28T20:05:56 IST" duration-ms="393" status="PASS">
          <params>
            <param index="0">
              <value>
                <![CDATA[banu]]>
              </value>
            </param>
            <param index="1">
              <value>
                <![CDATA[lkj@37]]>
              </value>
            </param>
          </params>
          <reporter-output>
          </reporter-output>
        </test-method> <!-- logIn -->
        <test-method is-config="true" signature="afterTest()[pri:0, instance:com.atmecs.demo_blazesite.Login@36c88a32]" started-at="2020-09-28T20:05:56 IST" name="afterTest" finished-at="2020-09-28T20:05:56 IST" duration-ms="246" status="PASS">
          <reporter-output>
          </reporter-output>
        </test-method> <!-- afterTest -->
        <test-method is-config="true" signature="beforeTest()[pri:0, instance:com.atmecs.demo_blazesite.Login@36c88a32]" started-at="2020-09-28T20:05:56 IST" name="beforeTest" finished-at="2020-09-28T20:06:03 IST" duration-ms="6589" status="PASS">
          <reporter-output>
          </reporter-output>
        </test-method> <!-- beforeTest -->
        <test-method signature="logIn(java.lang.String, java.lang.String)[pri:0, instance:com.atmecs.demo_blazesite.Login@36c88a32]" started-at="2020-09-28T20:06:03 IST" name="logIn" data-provider="readData" finished-at="2020-09-28T20:06:03 IST" duration-ms="429" status="PASS">
          <params>
            <param index="0">
              <value>
                <![CDATA[vanu]]>
              </value>
            </param>
            <param index="1">
              <value>
                <![CDATA[mng@45]]>
              </value>
            </param>
          </params>
          <reporter-output>
          </reporter-output>
        </test-method> <!-- logIn -->
        <test-method is-config="true" signature="afterTest()[pri:0, instance:com.atmecs.demo_blazesite.Login@36c88a32]" started-at="2020-09-28T20:06:03 IST" name="afterTest" finished-at="2020-09-28T20:06:04 IST" duration-ms="235" status="PASS">
          <reporter-output>
          </reporter-output>
        </test-method> <!-- afterTest -->
        <test-method is-config="true" signature="beforeTest()[pri:0, instance:com.atmecs.demo_blazesite.Login@36c88a32]" started-at="2020-09-28T20:06:04 IST" name="beforeTest" finished-at="2020-09-28T20:06:11 IST" duration-ms="7113" status="PASS">
          <reporter-output>
          </reporter-output>
        </test-method> <!-- beforeTest -->
        <test-method signature="logIn(java.lang.String, java.lang.String)[pri:0, instance:com.atmecs.demo_blazesite.Login@36c88a32]" started-at="2020-09-28T20:06:11 IST" name="logIn" data-provider="readData" finished-at="2020-09-28T20:06:11 IST" duration-ms="388" status="PASS">
          <params>
            <param index="0">
              <value>
                <![CDATA[thenu]]>
              </value>
            </param>
            <param index="1">
              <value>
                <![CDATA[then@11]]>
              </value>
            </param>
          </params>
          <reporter-output>
          </reporter-output>
        </test-method> <!-- logIn -->
        <test-method is-config="true" signature="afterTest()[pri:0, instance:com.atmecs.demo_blazesite.Login@36c88a32]" started-at="2020-09-28T20:06:11 IST" name="afterTest" finished-at="2020-09-28T20:06:11 IST" duration-ms="264" status="PASS">
          <reporter-output>
          </reporter-output>
        </test-method> <!-- afterTest -->
      </class> <!-- com.atmecs.demo_blazesite.Login -->
    </test> <!-- Test -->
  </suite> <!-- Suite -->
</testng-results>
