<?xml version="1.0" encoding="UTF-8"?>
<testng-results ignored="0" total="1" passed="1" failed="0" skipped="0">
  <reporter-output>
  </reporter-output>
  <suite started-at="2020-09-25T16:13:21 IST" name="Suite" finished-at="2020-09-25T16:13:38 IST" duration-ms="17151">
    <groups>
    </groups>
    <test started-at="2020-09-25T16:13:21 IST" name="Test" finished-at="2020-09-25T16:13:38 IST" duration-ms="17151">
      <class name="com.atmecs.handling_frames.HandlingFrames">
        <test-method is-config="true" signature="beforeTest()[pri:0, instance:com.atmecs.handling_frames.HandlingFrames@2ddc8ecb]" started-at="2020-09-25T16:13:21 IST" name="beforeTest" finished-at="2020-09-25T16:13:30 IST" duration-ms="8776" status="PASS">
          <reporter-output>
          </reporter-output>
        </test-method> <!-- beforeTest -->
        <test-method signature="handlingFrames()[pri:0, instance:com.atmecs.handling_frames.HandlingFrames@2ddc8ecb]" started-at="2020-09-25T16:13:30 IST" name="handlingFrames" finished-at="2020-09-25T16:13:38 IST" duration-ms="7923" status="PASS">
          <reporter-output>
          </reporter-output>
        </test-method> <!-- handlingFrames -->
        <test-method is-config="true" signature="afterTest()[pri:0, instance:com.atmecs.handling_frames.HandlingFrames@2ddc8ecb]" started-at="2020-09-25T16:13:38 IST" name="afterTest" finished-at="2020-09-25T16:13:38 IST" duration-ms="409" status="PASS">
          <reporter-output>
          </reporter-output>
        </test-method> <!-- afterTest -->
      </class> <!-- com.atmecs.handling_frames.HandlingFrames -->
    </test> <!-- Test -->
  </suite> <!-- Suite -->
</testng-results>
