<?xml version="1.0" encoding="UTF-8"?>
<testng-results ignored="0" total="1" passed="1" failed="0" skipped="0">
  <reporter-output>
  </reporter-output>
  <suite started-at="2020-09-23T14:09:11 IST" name="Suite" finished-at="2020-09-23T14:09:34 IST" duration-ms="22518">
    <groups>
    </groups>
    <test started-at="2020-09-23T14:09:11 IST" name="Test" finished-at="2020-09-23T14:09:34 IST" duration-ms="22518">
      <class name="com.atmecs.handling_frames.HandlingFramesUsingJS">
        <test-method is-config="true" signature="settingAndLaunchingDriver()[pri:0, instance:com.atmecs.handling_frames.HandlingFramesUsingJS@6ce139a4]" started-at="2020-09-23T14:09:11 IST" name="settingAndLaunchingDriver" finished-at="2020-09-23T14:09:23 IST" duration-ms="11805" status="PASS">
          <reporter-output>
          </reporter-output>
        </test-method> <!-- settingAndLaunchingDriver -->
        <test-method signature="handlingFrameAndClickChatIconTest()[pri:0, instance:com.atmecs.handling_frames.HandlingFramesUsingJS@6ce139a4]" started-at="2020-09-23T14:09:23 IST" name="handlingFrameAndClickChatIconTest" finished-at="2020-09-23T14:09:33 IST" duration-ms="10081" status="PASS">
          <reporter-output>
          </reporter-output>
        </test-method> <!-- handlingFrameAndClickChatIconTest -->
        <test-method is-config="true" signature="closingDriver()[pri:0, instance:com.atmecs.handling_frames.HandlingFramesUsingJS@6ce139a4]" started-at="2020-09-23T14:09:33 IST" name="closingDriver" finished-at="2020-09-23T14:09:34 IST" duration-ms="586" status="PASS">
          <reporter-output>
          </reporter-output>
        </test-method> <!-- closingDriver -->
      </class> <!-- com.atmecs.handling_frames.HandlingFramesUsingJS -->
    </test> <!-- Test -->
  </suite> <!-- Suite -->
</testng-results>
