<?xml version="1.0" encoding="UTF-8"?>
<testng-results ignored="0" total="1" passed="0" failed="1" skipped="0">
  <reporter-output>
  </reporter-output>
  <suite started-at="2020-09-24T17:50:58 IST" name="Default suite" finished-at="2020-09-24T17:52:01 IST" duration-ms="63355">
    <groups>
    </groups>
    <test started-at="2020-09-24T17:50:58 IST" name="Default test" finished-at="2020-09-24T17:52:01 IST" duration-ms="63355">
      <class name="com.atmecs.automating_travelsite.HandlingWindow">
        <test-method is-config="true" signature="beforeTest()[pri:0, instance:com.atmecs.automating_travelsite.HandlingWindow@1fe20588]" started-at="2020-09-24T17:50:58 IST" name="beforeTest" finished-at="2020-09-24T17:51:57 IST" duration-ms="58949" status="PASS">
          <reporter-output>
          </reporter-output>
        </test-method> <!-- beforeTest -->
        <test-method signature="handlinWindow()[pri:0, instance:com.atmecs.automating_travelsite.HandlingWindow@1fe20588]" started-at="2020-09-24T17:51:57 IST" name="handlinWindow" finished-at="2020-09-24T17:51:57 IST" duration-ms="10" status="FAIL">
          <exception class="java.lang.NullPointerException">
            <full-stacktrace>
              <![CDATA[java.lang.NullPointerException
at com.atmecs.automating_travelsite.pagehelper.LoginWindowHandling.handlingWindowTest(LoginWindowHandling.java:19)
at com.atmecs.automating_travelsite.HandlingWindow.handlinWindow(HandlingWindow.java:18)
at java.base/jdk.internal.reflect.NativeMethodAccessorImpl.invoke0(Native Method)
at java.base/jdk.internal.reflect.NativeMethodAccessorImpl.invoke(NativeMethodAccessorImpl.java:62)
at java.base/jdk.internal.reflect.DelegatingMethodAccessorImpl.invoke(DelegatingMethodAccessorImpl.java:43)
at java.base/java.lang.reflect.Method.invoke(Method.java:564)
at org.testng.internal.MethodInvocationHelper.invokeMethod(MethodInvocationHelper.java:135)
at org.testng.internal.TestInvoker.invokeMethod(TestInvoker.java:598)
at org.testng.internal.TestInvoker.invokeTestMethod(TestInvoker.java:174)
at org.testng.internal.MethodRunner.runInSequence(MethodRunner.java:46)
at org.testng.internal.TestInvoker$MethodInvocationAgent.invoke(TestInvoker.java:821)
at org.testng.internal.TestInvoker.invokeTestMethods(TestInvoker.java:147)
at org.testng.internal.TestMethodWorker.invokeTestMethods(TestMethodWorker.java:146)
at org.testng.internal.TestMethodWorker.run(TestMethodWorker.java:128)
at java.base/java.util.ArrayList.forEach(ArrayList.java:1510)
at org.testng.TestRunner.privateRun(TestRunner.java:767)
at org.testng.TestRunner.run(TestRunner.java:588)
at org.testng.SuiteRunner.runTest(SuiteRunner.java:384)
at org.testng.SuiteRunner.runSequentially(SuiteRunner.java:378)
at org.testng.SuiteRunner.privateRun(SuiteRunner.java:337)
at org.testng.SuiteRunner.run(SuiteRunner.java:286)
at org.testng.SuiteRunnerWorker.runSuite(SuiteRunnerWorker.java:53)
at org.testng.SuiteRunnerWorker.run(SuiteRunnerWorker.java:96)
at org.testng.TestNG.runSuitesSequentially(TestNG.java:1214)
at org.testng.TestNG.runSuitesLocally(TestNG.java:1136)
at org.testng.TestNG.runSuites(TestNG.java:1066)
at org.testng.TestNG.run(TestNG.java:1034)
at org.testng.remote.AbstractRemoteTestNG.run(AbstractRemoteTestNG.java:115)
at org.testng.remote.RemoteTestNG.initAndRun(RemoteTestNG.java:251)
at org.testng.remote.RemoteTestNG.main(RemoteTestNG.java:77)
]]>
            </full-stacktrace>
          </exception> <!-- java.lang.NullPointerException -->
          <reporter-output>
          </reporter-output>
        </test-method> <!-- handlinWindow -->
        <test-method is-config="true" signature="afterTest()[pri:0, instance:com.atmecs.automating_travelsite.HandlingWindow@1fe20588]" started-at="2020-09-24T17:51:57 IST" name="afterTest" finished-at="2020-09-24T17:52:01 IST" duration-ms="4337" status="PASS">
          <reporter-output>
          </reporter-output>
        </test-method> <!-- afterTest -->
      </class> <!-- com.atmecs.automating_travelsite.HandlingWindow -->
    </test> <!-- Default test -->
  </suite> <!-- Default suite -->
</testng-results>
