<?xml version="1.0" encoding="UTF-8"?>
<testng-results ignored="0" total="12" passed="12" failed="0" skipped="0">
  <reporter-output>
  </reporter-output>
  <suite started-at="2020-09-28T19:38:27 IST" name="Suite" finished-at="2020-09-28T19:45:01 IST" duration-ms="393787">
    <groups>
    </groups>
    <test started-at="2020-09-28T19:38:27 IST" name="Test" finished-at="2020-09-28T19:45:01 IST" duration-ms="393787">
      <class name="com.atmecs.automating_travelsite.HandlingWindow">
        <test-method is-config="true" signature="beforeTest()[pri:0, instance:com.atmecs.automating_travelsite.HandlingWindow@47d90b9e]" started-at="2020-09-28T19:38:28 IST" name="beforeTest" finished-at="2020-09-28T19:38:42 IST" duration-ms="14131" status="PASS">
          <reporter-output>
          </reporter-output>
        </test-method> <!-- beforeTest -->
        <test-method signature="handlingWindow(java.lang.String, java.lang.String)[pri:0, instance:com.atmecs.automating_travelsite.HandlingWindow@47d90b9e]" started-at="2020-09-28T19:38:42 IST" name="handlingWindow" data-provider="readData" finished-at="2020-09-28T19:38:47 IST" duration-ms="5463" status="PASS">
          <params>
            <param index="0">
              <value>
                <![CDATA[shanealfin720@gmail.com]]>
              </value>
            </param>
            <param index="1">
              <value>
                <![CDATA[alfinxavier.a]]>
              </value>
            </param>
          </params>
          <reporter-output>
          </reporter-output>
        </test-method> <!-- handlingWindow -->
        <test-method is-config="true" signature="afterTest()[pri:0, instance:com.atmecs.automating_travelsite.HandlingWindow@47d90b9e]" started-at="2020-09-28T19:38:47 IST" name="afterTest" finished-at="2020-09-28T19:38:47 IST" duration-ms="64" status="PASS">
          <reporter-output>
          </reporter-output>
        </test-method> <!-- afterTest -->
        <test-method is-config="true" signature="beforeTest()[pri:0, instance:com.atmecs.automating_travelsite.HandlingWindow@47d90b9e]" started-at="2020-09-28T19:38:47 IST" name="beforeTest" finished-at="2020-09-28T19:39:00 IST" duration-ms="12782" status="PASS">
          <reporter-output>
          </reporter-output>
        </test-method> <!-- beforeTest -->
        <test-method signature="handlingWindow(java.lang.String, java.lang.String)[pri:0, instance:com.atmecs.automating_travelsite.HandlingWindow@47d90b9e]" started-at="2020-09-28T19:39:00 IST" name="handlingWindow" data-provider="readData" finished-at="2020-09-28T19:39:10 IST" duration-ms="9925" status="PASS">
          <params>
            <param index="0">
              <value>
                <![CDATA[alfin.anthonyraj@atmecs.com]]>
              </value>
            </param>
            <param index="1">
              <value>
                <![CDATA[ShaneAlfin.A@118]]>
              </value>
            </param>
          </params>
          <reporter-output>
          </reporter-output>
        </test-method> <!-- handlingWindow -->
        <test-method is-config="true" signature="afterTest()[pri:0, instance:com.atmecs.automating_travelsite.HandlingWindow@47d90b9e]" started-at="2020-09-28T19:39:10 IST" name="afterTest" finished-at="2020-09-28T19:39:10 IST" duration-ms="67" status="PASS">
          <reporter-output>
          </reporter-output>
        </test-method> <!-- afterTest -->
        <test-method is-config="true" signature="beforeTest()[pri:0, instance:com.atmecs.automating_travelsite.HandlingWindow@47d90b9e]" started-at="2020-09-28T19:39:10 IST" name="beforeTest" finished-at="2020-09-28T19:39:57 IST" duration-ms="46561" status="PASS">
          <reporter-output>
          </reporter-output>
        </test-method> <!-- beforeTest -->
        <test-method signature="handlingWindow(java.lang.String, java.lang.String)[pri:0, instance:com.atmecs.automating_travelsite.HandlingWindow@47d90b9e]" started-at="2020-09-28T19:39:57 IST" name="handlingWindow" data-provider="readData" finished-at="2020-09-28T19:40:04 IST" duration-ms="7669" status="PASS">
          <params>
            <param index="0">
              <value>
                <![CDATA[shanealfin720@gmail.com]]>
              </value>
            </param>
            <param index="1">
              <value>
                <![CDATA[alfinxavier.a]]>
              </value>
            </param>
          </params>
          <reporter-output>
          </reporter-output>
        </test-method> <!-- handlingWindow -->
        <test-method is-config="true" signature="afterTest()[pri:0, instance:com.atmecs.automating_travelsite.HandlingWindow@47d90b9e]" started-at="2020-09-28T19:40:04 IST" name="afterTest" finished-at="2020-09-28T19:40:05 IST" duration-ms="64" status="PASS">
          <reporter-output>
          </reporter-output>
        </test-method> <!-- afterTest -->
        <test-method is-config="true" signature="beforeTest()[pri:0, instance:com.atmecs.automating_travelsite.HandlingWindow@47d90b9e]" started-at="2020-09-28T19:40:05 IST" name="beforeTest" finished-at="2020-09-28T19:40:41 IST" duration-ms="36556" status="PASS">
          <reporter-output>
          </reporter-output>
        </test-method> <!-- beforeTest -->
        <test-method signature="handlingWindow(java.lang.String, java.lang.String)[pri:0, instance:com.atmecs.automating_travelsite.HandlingWindow@47d90b9e]" started-at="2020-09-28T19:40:41 IST" name="handlingWindow" data-provider="readData" finished-at="2020-09-28T19:40:55 IST" duration-ms="13706" status="PASS">
          <params>
            <param index="0">
              <value>
                <![CDATA[alfin.anthonyraj@atmecs.com]]>
              </value>
            </param>
            <param index="1">
              <value>
                <![CDATA[ShaneAlfin.A@118]]>
              </value>
            </param>
          </params>
          <reporter-output>
          </reporter-output>
        </test-method> <!-- handlingWindow -->
        <test-method is-config="true" signature="afterTest()[pri:0, instance:com.atmecs.automating_travelsite.HandlingWindow@47d90b9e]" started-at="2020-09-28T19:40:55 IST" name="afterTest" finished-at="2020-09-28T19:40:55 IST" duration-ms="65" status="PASS">
          <reporter-output>
          </reporter-output>
        </test-method> <!-- afterTest -->
        <test-method is-config="true" signature="beforeTest()[pri:0, instance:com.atmecs.automating_travelsite.HandlingWindow@47d90b9e]" started-at="2020-09-28T19:40:55 IST" name="beforeTest" finished-at="2020-09-28T19:41:07 IST" duration-ms="12564" status="PASS">
          <reporter-output>
          </reporter-output>
        </test-method> <!-- beforeTest -->
        <test-method signature="handlingWindow(java.lang.String, java.lang.String)[pri:0, instance:com.atmecs.automating_travelsite.HandlingWindow@47d90b9e]" started-at="2020-09-28T19:41:07 IST" name="handlingWindow" data-provider="readData" finished-at="2020-09-28T19:41:14 IST" duration-ms="6754" status="PASS">
          <params>
            <param index="0">
              <value>
                <![CDATA[shanealfin720@gmail.com]]>
              </value>
            </param>
            <param index="1">
              <value>
                <![CDATA[alfinxavier.a]]>
              </value>
            </param>
          </params>
          <reporter-output>
          </reporter-output>
        </test-method> <!-- handlingWindow -->
        <test-method is-config="true" signature="afterTest()[pri:0, instance:com.atmecs.automating_travelsite.HandlingWindow@47d90b9e]" started-at="2020-09-28T19:41:14 IST" name="afterTest" finished-at="2020-09-28T19:41:14 IST" duration-ms="64" status="PASS">
          <reporter-output>
          </reporter-output>
        </test-method> <!-- afterTest -->
        <test-method is-config="true" signature="beforeTest()[pri:0, instance:com.atmecs.automating_travelsite.HandlingWindow@47d90b9e]" started-at="2020-09-28T19:41:14 IST" name="beforeTest" finished-at="2020-09-28T19:41:36 IST" duration-ms="22106" status="PASS">
          <reporter-output>
          </reporter-output>
        </test-method> <!-- beforeTest -->
        <test-method signature="handlingWindow(java.lang.String, java.lang.String)[pri:0, instance:com.atmecs.automating_travelsite.HandlingWindow@47d90b9e]" started-at="2020-09-28T19:41:36 IST" name="handlingWindow" data-provider="readData" finished-at="2020-09-28T19:41:42 IST" duration-ms="6122" status="PASS">
          <params>
            <param index="0">
              <value>
                <![CDATA[alfin.anthonyraj@atmecs.com]]>
              </value>
            </param>
            <param index="1">
              <value>
                <![CDATA[ShaneAlfin.A@118]]>
              </value>
            </param>
          </params>
          <reporter-output>
          </reporter-output>
        </test-method> <!-- handlingWindow -->
        <test-method is-config="true" signature="afterTest()[pri:0, instance:com.atmecs.automating_travelsite.HandlingWindow@47d90b9e]" started-at="2020-09-28T19:41:42 IST" name="afterTest" finished-at="2020-09-28T19:41:43 IST" duration-ms="65" status="PASS">
          <reporter-output>
          </reporter-output>
        </test-method> <!-- afterTest -->
      </class> <!-- com.atmecs.automating_travelsite.HandlingWindow -->
      <class name="com.atmecs.automating_travelsite.SearchingFlight">
        <test-method is-config="true" signature="beforeTest()[pri:0, instance:com.atmecs.automating_travelsite.SearchingFlight@1184ab05]" started-at="2020-09-28T19:41:43 IST" name="beforeTest" finished-at="2020-09-28T19:41:59 IST" duration-ms="16769" status="PASS">
          <reporter-output>
          </reporter-output>
        </test-method> <!-- beforeTest -->
        <test-method signature="searchingFlight(java.lang.String, java.lang.String)[pri:0, instance:com.atmecs.automating_travelsite.SearchingFlight@1184ab05]" started-at="2020-09-28T19:41:59 IST" name="searchingFlight" data-provider="readData" finished-at="2020-09-28T19:42:01 IST" duration-ms="1129" status="PASS">
          <params>
            <param index="0">
              <value>
                <![CDATA[Coimbatore]]>
              </value>
            </param>
            <param index="1">
              <value>
                <![CDATA[Chennai]]>
              </value>
            </param>
          </params>
          <reporter-output>
          </reporter-output>
        </test-method> <!-- searchingFlight -->
        <test-method is-config="true" signature="afterTest()[pri:0, instance:com.atmecs.automating_travelsite.SearchingFlight@1184ab05]" started-at="2020-09-28T19:42:01 IST" name="afterTest" finished-at="2020-09-28T19:42:05 IST" duration-ms="4121" status="PASS">
          <reporter-output>
          </reporter-output>
        </test-method> <!-- afterTest -->
        <test-method is-config="true" signature="beforeTest()[pri:0, instance:com.atmecs.automating_travelsite.SearchingFlight@1184ab05]" started-at="2020-09-28T19:42:05 IST" name="beforeTest" finished-at="2020-09-28T19:42:38 IST" duration-ms="32916" status="PASS">
          <reporter-output>
          </reporter-output>
        </test-method> <!-- beforeTest -->
        <test-method signature="searchingFlight(java.lang.String, java.lang.String)[pri:0, instance:com.atmecs.automating_travelsite.SearchingFlight@1184ab05]" started-at="2020-09-28T19:42:38 IST" name="searchingFlight" data-provider="readData" finished-at="2020-09-28T19:42:39 IST" duration-ms="1504" status="PASS">
          <params>
            <param index="0">
              <value>
                <![CDATA[Chennai]]>
              </value>
            </param>
            <param index="1">
              <value>
                <![CDATA[Bangalore]]>
              </value>
            </param>
          </params>
          <reporter-output>
          </reporter-output>
        </test-method> <!-- searchingFlight -->
        <test-method is-config="true" signature="afterTest()[pri:0, instance:com.atmecs.automating_travelsite.SearchingFlight@1184ab05]" started-at="2020-09-28T19:42:39 IST" name="afterTest" finished-at="2020-09-28T19:42:43 IST" duration-ms="4180" status="PASS">
          <reporter-output>
          </reporter-output>
        </test-method> <!-- afterTest -->
        <test-method is-config="true" signature="beforeTest()[pri:0, instance:com.atmecs.automating_travelsite.SearchingFlight@1184ab05]" started-at="2020-09-28T19:42:43 IST" name="beforeTest" finished-at="2020-09-28T19:42:55 IST" duration-ms="12111" status="PASS">
          <reporter-output>
          </reporter-output>
        </test-method> <!-- beforeTest -->
        <test-method signature="searchingFlight(java.lang.String, java.lang.String)[pri:0, instance:com.atmecs.automating_travelsite.SearchingFlight@1184ab05]" started-at="2020-09-28T19:42:55 IST" name="searchingFlight" data-provider="readData" finished-at="2020-09-28T19:42:57 IST" duration-ms="1433" status="PASS">
          <params>
            <param index="0">
              <value>
                <![CDATA[Bangalore]]>
              </value>
            </param>
            <param index="1">
              <value>
                <![CDATA[Coimbatore]]>
              </value>
            </param>
          </params>
          <reporter-output>
          </reporter-output>
        </test-method> <!-- searchingFlight -->
        <test-method is-config="true" signature="afterTest()[pri:0, instance:com.atmecs.automating_travelsite.SearchingFlight@1184ab05]" started-at="2020-09-28T19:42:57 IST" name="afterTest" finished-at="2020-09-28T19:43:01 IST" duration-ms="4163" status="PASS">
          <reporter-output>
          </reporter-output>
        </test-method> <!-- afterTest -->
        <test-method is-config="true" signature="beforeTest()[pri:0, instance:com.atmecs.automating_travelsite.SearchingFlight@1184ab05]" started-at="2020-09-28T19:43:01 IST" name="beforeTest" finished-at="2020-09-28T19:43:22 IST" duration-ms="21330" status="PASS">
          <reporter-output>
          </reporter-output>
        </test-method> <!-- beforeTest -->
        <test-method signature="searchingFlight(java.lang.String, java.lang.String)[pri:0, instance:com.atmecs.automating_travelsite.SearchingFlight@1184ab05]" started-at="2020-09-28T19:43:22 IST" name="searchingFlight" data-provider="readData" finished-at="2020-09-28T19:43:23 IST" duration-ms="987" status="PASS">
          <params>
            <param index="0">
              <value>
                <![CDATA[Chennai]]>
              </value>
            </param>
            <param index="1">
              <value>
                <![CDATA[Coimbatore]]>
              </value>
            </param>
          </params>
          <reporter-output>
          </reporter-output>
        </test-method> <!-- searchingFlight -->
        <test-method is-config="true" signature="afterTest()[pri:0, instance:com.atmecs.automating_travelsite.SearchingFlight@1184ab05]" started-at="2020-09-28T19:43:23 IST" name="afterTest" finished-at="2020-09-28T19:43:33 IST" duration-ms="9629" status="PASS">
          <reporter-output>
          </reporter-output>
        </test-method> <!-- afterTest -->
        <test-method is-config="true" signature="beforeTest()[pri:0, instance:com.atmecs.automating_travelsite.SearchingFlight@1184ab05]" started-at="2020-09-28T19:43:33 IST" name="beforeTest" finished-at="2020-09-28T19:44:05 IST" duration-ms="32434" status="PASS">
          <reporter-output>
          </reporter-output>
        </test-method> <!-- beforeTest -->
        <test-method signature="searchingFlight(java.lang.String, java.lang.String)[pri:0, instance:com.atmecs.automating_travelsite.SearchingFlight@1184ab05]" started-at="2020-09-28T19:44:05 IST" name="searchingFlight" data-provider="readData" finished-at="2020-09-28T19:44:07 IST" duration-ms="1371" status="PASS">
          <params>
            <param index="0">
              <value>
                <![CDATA[Bangalore]]>
              </value>
            </param>
            <param index="1">
              <value>
                <![CDATA[Coimbatore]]>
              </value>
            </param>
          </params>
          <reporter-output>
          </reporter-output>
        </test-method> <!-- searchingFlight -->
        <test-method is-config="true" signature="afterTest()[pri:0, instance:com.atmecs.automating_travelsite.SearchingFlight@1184ab05]" started-at="2020-09-28T19:44:07 IST" name="afterTest" finished-at="2020-09-28T19:44:11 IST" duration-ms="4115" status="PASS">
          <reporter-output>
          </reporter-output>
        </test-method> <!-- afterTest -->
        <test-method is-config="true" signature="beforeTest()[pri:0, instance:com.atmecs.automating_travelsite.SearchingFlight@1184ab05]" started-at="2020-09-28T19:44:11 IST" name="beforeTest" finished-at="2020-09-28T19:44:53 IST" duration-ms="42070" status="PASS">
          <reporter-output>
          </reporter-output>
        </test-method> <!-- beforeTest -->
        <test-method signature="searchingFlight(java.lang.String, java.lang.String)[pri:0, instance:com.atmecs.automating_travelsite.SearchingFlight@1184ab05]" started-at="2020-09-28T19:44:53 IST" name="searchingFlight" data-provider="readData" finished-at="2020-09-28T19:44:54 IST" duration-ms="1019" status="PASS">
          <params>
            <param index="0">
              <value>
                <![CDATA[Coimbatore]]>
              </value>
            </param>
            <param index="1">
              <value>
                <![CDATA[Chennai]]>
              </value>
            </param>
          </params>
          <reporter-output>
          </reporter-output>
        </test-method> <!-- searchingFlight -->
        <test-method is-config="true" signature="afterTest()[pri:0, instance:com.atmecs.automating_travelsite.SearchingFlight@1184ab05]" started-at="2020-09-28T19:44:54 IST" name="afterTest" finished-at="2020-09-28T19:45:01 IST" duration-ms="6994" status="PASS">
          <reporter-output>
          </reporter-output>
        </test-method> <!-- afterTest -->
      </class> <!-- com.atmecs.automating_travelsite.SearchingFlight -->
    </test> <!-- Test -->
  </suite> <!-- Suite -->
</testng-results>
