<?xml version="1.0" encoding="UTF-8"?>
<testng-results ignored="0" total="2" passed="2" failed="0" skipped="0">
  <reporter-output>
  </reporter-output>
  <suite started-at="2020-09-23T19:45:09 IST" name="Default suite" finished-at="2020-09-23T19:45:38 IST" duration-ms="29318">
    <groups>
    </groups>
    <test started-at="2020-09-23T19:45:09 IST" name="Default test" finished-at="2020-09-23T19:45:38 IST" duration-ms="29318">
      <class name="com.atmecs.dataprovider.FacebookLoginTest">
        <test-method signature="loginTest(java.lang.String, java.lang.String)[pri:0, instance:com.atmecs.dataprovider.FacebookLoginTest@4e91d63f]" started-at="2020-09-23T19:45:09 IST" name="loginTest" data-provider="facebookLogin" finished-at="2020-09-23T19:45:24 IST" duration-ms="15215" status="PASS">
          <params>
            <param index="0">
              <value>
                <![CDATA[abc@gmail.com]]>
              </value>
            </param>
            <param index="1">
              <value>
                <![CDATA[abc]]>
              </value>
            </param>
          </params>
          <reporter-output>
          </reporter-output>
        </test-method> <!-- loginTest -->
        <test-method signature="loginTest(java.lang.String, java.lang.String)[pri:0, instance:com.atmecs.dataprovider.FacebookLoginTest@4e91d63f]" started-at="2020-09-23T19:45:24 IST" name="loginTest" data-provider="facebookLogin" finished-at="2020-09-23T19:45:34 IST" duration-ms="9694" status="PASS">
          <params>
            <param index="0">
              <value>
                <![CDATA[def@gmail.com]]>
              </value>
            </param>
            <param index="1">
              <value>
                <![CDATA[def]]>
              </value>
            </param>
          </params>
          <reporter-output>
          </reporter-output>
        </test-method> <!-- loginTest -->
        <test-method is-config="true" signature="closingDriver()[pri:0, instance:com.atmecs.dataprovider.FacebookLoginTest@4e91d63f]" started-at="2020-09-23T19:45:34 IST" name="closingDriver" finished-at="2020-09-23T19:45:38 IST" duration-ms="4362" status="PASS">
          <reporter-output>
          </reporter-output>
        </test-method> <!-- closingDriver -->
      </class> <!-- com.atmecs.dataprovider.FacebookLoginTest -->
    </test> <!-- Default test -->
  </suite> <!-- Default suite -->
</testng-results>
