<?xml version="1.0" encoding="UTF-8"?>
<!-- Generated by org.testng.reporters.JUnitXMLReporter -->
<testsuite ignored="0" hostname="ATMECSINLT-601" failures="0" tests="3" name="Default test" time="48.319" errors="0" timestamp="2020-09-28T15:30:11 IST">
  <testcase classname="com.atmecs.automating_travelsite.SearchingFlight" name="searchingFlight" time="1.197"/>
  <testcase classname="com.atmecs.automating_travelsite.SearchingFlight" name="searchingFlight" time="1.341"/>
  <testcase classname="com.atmecs.automating_travelsite.SearchingFlight" name="searchingFlight" time="1.368"/>
</testsuite> <!-- Default test -->
