<?xml version="1.0" encoding="UTF-8"?>
<testng-results ignored="0" total="2" passed="2" failed="0" skipped="0">
  <reporter-output>
  </reporter-output>
  <suite started-at="2020-09-23T20:25:39 IST" name="Default suite" finished-at="2020-09-23T20:26:01 IST" duration-ms="22377">
    <groups>
    </groups>
    <test started-at="2020-09-23T20:25:39 IST" name="Default test" finished-at="2020-09-23T20:26:01 IST" duration-ms="22377">
      <class name="com.atmesc.data_providers.FacebookLoginTest">
        <test-method signature="loginTest(java.lang.String, java.lang.String)[pri:0, instance:com.atmesc.data_providers.FacebookLoginTest@163e4e87]" started-at="2020-09-23T20:25:39 IST" name="loginTest" data-provider="facebookLogin" finished-at="2020-09-23T20:25:49 IST" duration-ms="9502" status="PASS">
          <params>
            <param index="0">
              <value>
                <![CDATA[abc@gmail.com]]>
              </value>
            </param>
            <param index="1">
              <value>
                <![CDATA[abc]]>
              </value>
            </param>
          </params>
          <reporter-output>
          </reporter-output>
        </test-method> <!-- loginTest -->
        <test-method signature="loginTest(java.lang.String, java.lang.String)[pri:0, instance:com.atmesc.data_providers.FacebookLoginTest@163e4e87]" started-at="2020-09-23T20:25:49 IST" name="loginTest" data-provider="facebookLogin" finished-at="2020-09-23T20:25:57 IST" duration-ms="8459" status="PASS">
          <params>
            <param index="0">
              <value>
                <![CDATA[def@gmail.com]]>
              </value>
            </param>
            <param index="1">
              <value>
                <![CDATA[def]]>
              </value>
            </param>
          </params>
          <reporter-output>
          </reporter-output>
        </test-method> <!-- loginTest -->
        <test-method is-config="true" signature="closingDriver()[pri:0, instance:com.atmesc.data_providers.FacebookLoginTest@163e4e87]" started-at="2020-09-23T20:25:57 IST" name="closingDriver" finished-at="2020-09-23T20:26:01 IST" duration-ms="4354" status="PASS">
          <reporter-output>
          </reporter-output>
        </test-method> <!-- closingDriver -->
      </class> <!-- com.atmesc.data_providers.FacebookLoginTest -->
    </test> <!-- Default test -->
  </suite> <!-- Default suite -->
</testng-results>
