<?xml version="1.0" encoding="UTF-8"?>
<testng-results ignored="0" total="2" passed="2" failed="0" skipped="0">
  <reporter-output>
  </reporter-output>
  <suite started-at="2020-09-24T16:44:29 IST" name="Default suite" finished-at="2020-09-24T16:45:17 IST" duration-ms="47800">
    <groups>
    </groups>
    <test started-at="2020-09-24T16:44:29 IST" name="Default test" finished-at="2020-09-24T16:45:17 IST" duration-ms="47800">
      <class name="com.atmesc.data_providers.FacebookLoginTest">
        <test-method signature="loginTest(java.lang.String, java.lang.String)[pri:0, instance:com.atmesc.data_providers.FacebookLoginTest@433d61fb]" started-at="2020-09-24T16:44:29 IST" name="loginTest" data-provider="facebookLogin" finished-at="2020-09-24T16:44:41 IST" duration-ms="11508" status="PASS">
          <params>
            <param index="0">
              <value>
                <![CDATA[abc@gmail.com]]>
              </value>
            </param>
            <param index="1">
              <value>
                <![CDATA[abc]]>
              </value>
            </param>
          </params>
          <reporter-output>
          </reporter-output>
        </test-method> <!-- loginTest -->
        <test-method signature="loginTest(java.lang.String, java.lang.String)[pri:0, instance:com.atmesc.data_providers.FacebookLoginTest@433d61fb]" started-at="2020-09-24T16:44:41 IST" name="loginTest" data-provider="facebookLogin" finished-at="2020-09-24T16:45:16 IST" duration-ms="35346" status="PASS">
          <params>
            <param index="0">
              <value>
                <![CDATA[def@gmail.com]]>
              </value>
            </param>
            <param index="1">
              <value>
                <![CDATA[def]]>
              </value>
            </param>
          </params>
          <reporter-output>
          </reporter-output>
        </test-method> <!-- loginTest -->
        <test-method is-config="true" signature="closingDriver()[pri:0, instance:com.atmesc.data_providers.FacebookLoginTest@433d61fb]" started-at="2020-09-24T16:45:16 IST" name="closingDriver" finished-at="2020-09-24T16:45:17 IST" duration-ms="901" status="PASS">
          <reporter-output>
          </reporter-output>
        </test-method> <!-- closingDriver -->
      </class> <!-- com.atmesc.data_providers.FacebookLoginTest -->
    </test> <!-- Default test -->
  </suite> <!-- Default suite -->
</testng-results>
