<?xml version="1.0" encoding="UTF-8"?>
<!-- Generated by org.testng.reporters.JUnitXMLReporter -->
<testsuite ignored="0" hostname="ATMECSINLT-601" failures="2" tests="2" name="Test" time="24.565" errors="0" timestamp="2020-09-25T13:24:37 IST">
  <testcase classname="com.atmecs.automating_travelsite.HandlingWindow" name="handlinWindow" time="0.011">
    <failure type="java.lang.NullPointerException">
      <![CDATA[java.lang.NullPointerException
at com.atmecs.automating_travelsite.pagehelper.LoginWindowHandling.handlingWindowTest(LoginWindowHandling.java:23)
at com.atmecs.automating_travelsite.HandlingWindow.handlinWindow(HandlingWindow.java:18)
at java.base/java.util.ArrayList.forEach(ArrayList.java:1510)
... Removed 27 stack frames]]>
    </failure>
  </testcase> <!-- handlinWindow -->
  <testcase classname="com.atmecs.automating_travelsite.SearchingFlight" name="searchingFlights" time="0.002">
    <failure type="java.lang.NullPointerException">
      <![CDATA[java.lang.NullPointerException
at com.atmecs.automating_travelsite.pagehelper.SearchingFlights.twoWayTripSelectionTest(SearchingFlights.java:13)
at com.atmecs.automating_travelsite.SearchingFlight.searchingFlights(SearchingFlight.java:14)
at java.base/java.util.ArrayList.forEach(ArrayList.java:1510)
... Removed 27 stack frames]]>
    </failure>
  </testcase> <!-- searchingFlights -->
</testsuite> <!-- Test -->
