<?xml version="1.0" encoding="UTF-8"?>
<!-- Generated by org.testng.reporters.JUnitXMLReporter -->
<testsuite ignored="0" hostname="ATMECSINLT-601" failures="0" tests="2" name="Test" time="80.84" errors="0" timestamp="2020-09-23T14:46:58 IST">
  <testcase classname="com.atmecs.automating_travelsite.LoginWindowHandling" name="handlingWindowTest" time="20.063"/>
  <testcase classname="com.atmecs.automating_travelsite.SearchingFlights" name="twoWayTripSelectionTest" time="1.393"/>
</testsuite> <!-- Test -->
