<?xml version="1.0" encoding="UTF-8"?>
<testng-results ignored="0" total="2" passed="1" failed="1" skipped="0">
  <reporter-output>
  </reporter-output>
  <suite started-at="2020-09-28T16:25:04 IST" name="Suite" finished-at="2020-09-28T16:25:43 IST" duration-ms="39438">
    <groups>
    </groups>
    <test started-at="2020-09-28T16:25:04 IST" name="Test" finished-at="2020-09-28T16:25:43 IST" duration-ms="39438">
      <class name="com.atemcs.demo_automation.HandlingIconWindows">
        <test-method is-config="true" signature="beforeTest()[pri:0, instance:com.atemcs.demo_automation.HandlingIconWindows@1184ab05]" started-at="2020-09-28T16:25:04 IST" name="beforeTest" finished-at="2020-09-28T16:25:15 IST" duration-ms="10722" status="PASS">
          <reporter-output>
          </reporter-output>
        </test-method> <!-- beforeTest -->
        <test-method signature="handlingIconWindows()[pri:0, instance:com.atemcs.demo_automation.HandlingIconWindows@1184ab05]" started-at="2020-09-28T16:25:15 IST" name="handlingIconWindows" finished-at="2020-09-28T16:25:43 IST" duration-ms="28603" status="PASS">
          <reporter-output>
          </reporter-output>
        </test-method> <!-- handlingIconWindows -->
        <test-method is-config="true" signature="afterTest()[pri:0, instance:com.atemcs.demo_automation.HandlingIconWindows@1184ab05]" started-at="2020-09-28T16:25:43 IST" name="afterTest" finished-at="2020-09-28T16:25:43 IST" duration-ms="65" status="PASS">
          <reporter-output>
          </reporter-output>
        </test-method> <!-- afterTest -->
      </class> <!-- com.atemcs.demo_automation.HandlingIconWindows -->
      <class name="com.atemcs.demo_automation.Registration">
        <test-method signature="registration(java.lang.String, java.lang.String, java.lang.String, java.lang.String, java.lang.String, java.lang.String, java.lang.String)[pri:0, instance:com.atemcs.demo_automation.Registration@47d90b9e]" started-at="2020-09-28T16:25:04 IST" name="registration" finished-at="2020-09-28T16:25:04 IST" duration-ms="0" status="FAIL">
          <exception class="org.testng.TestNGException">
            <message>
              <![CDATA[
Cannot inject @Test annotated Method [registration] with [class java.lang.String, class java.lang.String, class java.lang.String, class java.lang.String, class java.lang.String, class java.lang.String, class java.lang.String].
For more information on native dependency injection please refer to https://testng.org/doc/documentation-main.html#native-dependency-injection]]>
            </message>
            <full-stacktrace>
              <![CDATA[org.testng.TestNGException: 
Cannot inject @Test annotated Method [registration] with [class java.lang.String, class java.lang.String, class java.lang.String, class java.lang.String, class java.lang.String, class java.lang.String, class java.lang.String].
For more information on native dependency injection please refer to https://testng.org/doc/documentation-main.html#native-dependency-injection
at org.testng.internal.Parameters.checkParameterTypes(Parameters.java:437)
at org.testng.internal.Parameters.createParametersForMethod(Parameters.java:351)
at org.testng.internal.Parameters.createParameters(Parameters.java:708)
at org.testng.internal.Parameters.handleParameters(Parameters.java:875)
at org.testng.internal.Parameters.handleParameters(Parameters.java:740)
at org.testng.internal.ParameterHandler.handleParameters(ParameterHandler.java:59)
at org.testng.internal.ParameterHandler.createParameters(ParameterHandler.java:38)
at org.testng.internal.TestInvoker$MethodInvocationAgent.invoke(TestInvoker.java:788)
at org.testng.internal.TestInvoker.invokeTestMethods(TestInvoker.java:147)
at org.testng.internal.TestMethodWorker.invokeTestMethods(TestMethodWorker.java:146)
at org.testng.internal.TestMethodWorker.run(TestMethodWorker.java:128)
at java.base/java.util.ArrayList.forEach(ArrayList.java:1510)
at org.testng.TestRunner.privateRun(TestRunner.java:767)
at org.testng.TestRunner.run(TestRunner.java:588)
at org.testng.SuiteRunner.runTest(SuiteRunner.java:384)
at org.testng.SuiteRunner.runSequentially(SuiteRunner.java:378)
at org.testng.SuiteRunner.privateRun(SuiteRunner.java:337)
at org.testng.SuiteRunner.run(SuiteRunner.java:286)
at org.testng.SuiteRunnerWorker.runSuite(SuiteRunnerWorker.java:53)
at org.testng.SuiteRunnerWorker.run(SuiteRunnerWorker.java:96)
at org.testng.TestNG.runSuitesSequentially(TestNG.java:1214)
at org.testng.TestNG.runSuitesLocally(TestNG.java:1136)
at org.testng.TestNG.runSuites(TestNG.java:1066)
at org.testng.TestNG.run(TestNG.java:1034)
at org.testng.remote.AbstractRemoteTestNG.run(AbstractRemoteTestNG.java:115)
at org.testng.remote.RemoteTestNG.initAndRun(RemoteTestNG.java:251)
at org.testng.remote.RemoteTestNG.main(RemoteTestNG.java:77)
]]>
            </full-stacktrace>
          </exception> <!-- org.testng.TestNGException -->
          <reporter-output>
          </reporter-output>
        </test-method> <!-- registration -->
      </class> <!-- com.atemcs.demo_automation.Registration -->
    </test> <!-- Test -->
  </suite> <!-- Suite -->
</testng-results>
