<?xml version="1.0" encoding="UTF-8"?>
<testng-results ignored="0" total="6" passed="6" failed="0" skipped="0">
  <reporter-output>
  </reporter-output>
  <suite started-at="2020-09-28T18:51:19 IST" name="Suite" finished-at="2020-09-28T18:53:07 IST" duration-ms="108352">
    <groups>
    </groups>
    <test started-at="2020-09-28T18:51:19 IST" name="Test" finished-at="2020-09-28T18:53:07 IST" duration-ms="108352">
      <class name="com.atemcs.demo_automation.HandlingIconWindows">
        <test-method is-config="true" signature="beforeTest()[pri:0, instance:com.atemcs.demo_automation.HandlingIconWindows@1184ab05]" started-at="2020-09-28T18:52:44 IST" name="beforeTest" finished-at="2020-09-28T18:52:54 IST" duration-ms="10629" status="PASS">
          <reporter-output>
          </reporter-output>
        </test-method> <!-- beforeTest -->
        <test-method signature="handlingIconWindows()[pri:0, instance:com.atemcs.demo_automation.HandlingIconWindows@1184ab05]" started-at="2020-09-28T18:52:54 IST" name="handlingIconWindows" finished-at="2020-09-28T18:53:07 IST" duration-ms="12834" status="PASS">
          <reporter-output>
          </reporter-output>
        </test-method> <!-- handlingIconWindows -->
        <test-method is-config="true" signature="afterTest()[pri:0, instance:com.atemcs.demo_automation.HandlingIconWindows@1184ab05]" started-at="2020-09-28T18:53:07 IST" name="afterTest" finished-at="2020-09-28T18:53:07 IST" duration-ms="72" status="PASS">
          <reporter-output>
          </reporter-output>
        </test-method> <!-- afterTest -->
      </class> <!-- com.atemcs.demo_automation.HandlingIconWindows -->
      <class name="com.atemcs.demo_automation.Registration">
        <test-method is-config="true" signature="beforeTest()[pri:0, instance:com.atemcs.demo_automation.Registration@47d90b9e]" started-at="2020-09-28T18:51:20 IST" name="beforeTest" finished-at="2020-09-28T18:51:33 IST" duration-ms="13034" status="PASS">
          <reporter-output>
          </reporter-output>
        </test-method> <!-- beforeTest -->
        <test-method signature="registration(java.lang.String, java.lang.String, java.lang.String, java.lang.String, java.lang.String, java.lang.String, java.lang.String)[pri:0, instance:com.atemcs.demo_automation.Registration@47d90b9e]" started-at="2020-09-28T18:51:33 IST" name="registration" data-provider="readData" finished-at="2020-09-28T18:51:36 IST" duration-ms="3092" status="PASS">
          <params>
            <param index="0">
              <value>
                <![CDATA[Shane]]>
              </value>
            </param>
            <param index="1">
              <value>
                <![CDATA[Alfin]]>
              </value>
            </param>
            <param index="2">
              <value>
                <![CDATA[136/3A adha]]>
              </value>
            </param>
            <param index="3">
              <value>
                <![CDATA[shanealfin720@gmail.com]]>
              </value>
            </param>
            <param index="4">
              <value>
                <![CDATA[8.732843748E9]]>
              </value>
            </param>
            <param index="5">
              <value>
                <![CDATA[alfinxavier.a]]>
              </value>
            </param>
            <param index="6">
              <value>
                <![CDATA[alfinxavier.a]]>
              </value>
            </param>
          </params>
          <reporter-output>
          </reporter-output>
        </test-method> <!-- registration -->
        <test-method is-config="true" signature="afterTest()[pri:0, instance:com.atemcs.demo_automation.Registration@47d90b9e]" started-at="2020-09-28T18:51:36 IST" name="afterTest" finished-at="2020-09-28T18:51:36 IST" duration-ms="398" status="PASS">
          <reporter-output>
          </reporter-output>
        </test-method> <!-- afterTest -->
        <test-method is-config="true" signature="beforeTest()[pri:0, instance:com.atemcs.demo_automation.Registration@47d90b9e]" started-at="2020-09-28T18:51:36 IST" name="beforeTest" finished-at="2020-09-28T18:51:46 IST" duration-ms="10133" status="PASS">
          <reporter-output>
          </reporter-output>
        </test-method> <!-- beforeTest -->
        <test-method signature="registration(java.lang.String, java.lang.String, java.lang.String, java.lang.String, java.lang.String, java.lang.String, java.lang.String)[pri:0, instance:com.atemcs.demo_automation.Registration@47d90b9e]" started-at="2020-09-28T18:51:46 IST" name="registration" data-provider="readData" finished-at="2020-09-28T18:51:49 IST" duration-ms="2435" status="PASS">
          <params>
            <param index="0">
              <value>
                <![CDATA[Alfin]]>
              </value>
            </param>
            <param index="1">
              <value>
                <![CDATA[Xavier]]>
              </value>
            </param>
            <param index="2">
              <value>
                <![CDATA[23/ashfas]]>
              </value>
            </param>
            <param index="3">
              <value>
                <![CDATA[alfin.anthonyraj@atmecs.com]]>
              </value>
            </param>
            <param index="4">
              <value>
                <![CDATA[8.473848374E9]]>
              </value>
            </param>
            <param index="5">
              <value>
                <![CDATA[aldjd]]>
              </value>
            </param>
            <param index="6">
              <value>
                <![CDATA[aldjd]]>
              </value>
            </param>
          </params>
          <reporter-output>
          </reporter-output>
        </test-method> <!-- registration -->
        <test-method is-config="true" signature="afterTest()[pri:0, instance:com.atemcs.demo_automation.Registration@47d90b9e]" started-at="2020-09-28T18:51:49 IST" name="afterTest" finished-at="2020-09-28T18:51:49 IST" duration-ms="533" status="PASS">
          <reporter-output>
          </reporter-output>
        </test-method> <!-- afterTest -->
        <test-method is-config="true" signature="beforeTest()[pri:0, instance:com.atemcs.demo_automation.Registration@47d90b9e]" started-at="2020-09-28T18:51:49 IST" name="beforeTest" finished-at="2020-09-28T18:52:07 IST" duration-ms="17664" status="PASS">
          <reporter-output>
          </reporter-output>
        </test-method> <!-- beforeTest -->
        <test-method signature="registration(java.lang.String, java.lang.String, java.lang.String, java.lang.String, java.lang.String, java.lang.String, java.lang.String)[pri:0, instance:com.atemcs.demo_automation.Registration@47d90b9e]" started-at="2020-09-28T18:52:07 IST" name="registration" data-provider="readData" finished-at="2020-09-28T18:52:09 IST" duration-ms="2299" status="PASS">
          <params>
            <param index="0">
              <value>
                <![CDATA[abc]]>
              </value>
            </param>
            <param index="1">
              <value>
                <![CDATA[abc]]>
              </value>
            </param>
            <param index="2">
              <value>
                <![CDATA[2374/shd]]>
              </value>
            </param>
            <param index="3">
              <value>
                <![CDATA[abc@gmail.com]]>
              </value>
            </param>
            <param index="4">
              <value>
                <![CDATA[8.457382473E9]]>
              </value>
            </param>
            <param index="5">
              <value>
                <![CDATA[shfhj]]>
              </value>
            </param>
            <param index="6">
              <value>
                <![CDATA[shfhj]]>
              </value>
            </param>
          </params>
          <reporter-output>
          </reporter-output>
        </test-method> <!-- registration -->
        <test-method is-config="true" signature="afterTest()[pri:0, instance:com.atemcs.demo_automation.Registration@47d90b9e]" started-at="2020-09-28T18:52:09 IST" name="afterTest" finished-at="2020-09-28T18:52:09 IST" duration-ms="210" status="PASS">
          <reporter-output>
          </reporter-output>
        </test-method> <!-- afterTest -->
        <test-method is-config="true" signature="beforeTest()[pri:0, instance:com.atemcs.demo_automation.Registration@47d90b9e]" started-at="2020-09-28T18:52:09 IST" name="beforeTest" finished-at="2020-09-28T18:52:20 IST" duration-ms="10910" status="PASS">
          <reporter-output>
          </reporter-output>
        </test-method> <!-- beforeTest -->
        <test-method signature="registration(java.lang.String, java.lang.String, java.lang.String, java.lang.String, java.lang.String, java.lang.String, java.lang.String)[pri:0, instance:com.atemcs.demo_automation.Registration@47d90b9e]" started-at="2020-09-28T18:52:20 IST" name="registration" data-provider="readData" finished-at="2020-09-28T18:52:22 IST" duration-ms="1644" status="PASS">
          <params>
            <param index="0">
              <value>
                <![CDATA[bgd]]>
              </value>
            </param>
            <param index="1">
              <value>
                <![CDATA[bgd]]>
              </value>
            </param>
            <param index="2">
              <value>
                <![CDATA[zdafhgsdh]]>
              </value>
            </param>
            <param index="3">
              <value>
                <![CDATA[bgd@gmail.com]]>
              </value>
            </param>
            <param index="4">
              <value>
                <![CDATA[8.745389843E9]]>
              </value>
            </param>
            <param index="5">
              <value>
                <![CDATA[kjhg]]>
              </value>
            </param>
            <param index="6">
              <value>
                <![CDATA[kjhg]]>
              </value>
            </param>
          </params>
          <reporter-output>
          </reporter-output>
        </test-method> <!-- registration -->
        <test-method is-config="true" signature="afterTest()[pri:0, instance:com.atemcs.demo_automation.Registration@47d90b9e]" started-at="2020-09-28T18:52:22 IST" name="afterTest" finished-at="2020-09-28T18:52:26 IST" duration-ms="4311" status="PASS">
          <reporter-output>
          </reporter-output>
        </test-method> <!-- afterTest -->
        <test-method is-config="true" signature="beforeTest()[pri:0, instance:com.atemcs.demo_automation.Registration@47d90b9e]" started-at="2020-09-28T18:52:26 IST" name="beforeTest" finished-at="2020-09-28T18:52:37 IST" duration-ms="10923" status="PASS">
          <reporter-output>
          </reporter-output>
        </test-method> <!-- beforeTest -->
        <test-method signature="registration(java.lang.String, java.lang.String, java.lang.String, java.lang.String, java.lang.String, java.lang.String, java.lang.String)[pri:0, instance:com.atemcs.demo_automation.Registration@47d90b9e]" started-at="2020-09-28T18:52:37 IST" name="registration" data-provider="readData" finished-at="2020-09-28T18:52:39 IST" duration-ms="2014" status="PASS">
          <params>
            <param index="0">
              <value>
                <![CDATA[mnl]]>
              </value>
            </param>
            <param index="1">
              <value>
                <![CDATA[mnl]]>
              </value>
            </param>
            <param index="2">
              <value>
                <![CDATA[sdjfh]]>
              </value>
            </param>
            <param index="3">
              <value>
                <![CDATA[mnl@gmail.com]]>
              </value>
            </param>
            <param index="4">
              <value>
                <![CDATA[9.845893987E9]]>
              </value>
            </param>
            <param index="5">
              <value>
                <![CDATA[hgf]]>
              </value>
            </param>
            <param index="6">
              <value>
                <![CDATA[hgf]]>
              </value>
            </param>
          </params>
          <reporter-output>
          </reporter-output>
        </test-method> <!-- registration -->
        <test-method is-config="true" signature="afterTest()[pri:0, instance:com.atemcs.demo_automation.Registration@47d90b9e]" started-at="2020-09-28T18:52:39 IST" name="afterTest" finished-at="2020-09-28T18:52:44 IST" duration-ms="4272" status="PASS">
          <reporter-output>
          </reporter-output>
        </test-method> <!-- afterTest -->
      </class> <!-- com.atemcs.demo_automation.Registration -->
    </test> <!-- Test -->
  </suite> <!-- Suite -->
</testng-results>
