<?xml version="1.0" encoding="UTF-8"?>
<!-- Generated by org.testng.reporters.JUnitReportReporter -->
<testsuite hostname="ATMECSINLT-601" failures="0" tests="1" name="com.atmecs.handling_frames.HandlingFramesUsingJS" time="10.081" errors="0" timestamp="2020-09-23T14:09:34 IST" skipped="0">
  <testcase classname="com.atmecs.handling_frames.HandlingFramesUsingJS" name="handlingFrameAndClickChatIconTest" time="10.081"/>
  <system-out/>
</testsuite> <!-- com.atmecs.handling_frames.HandlingFramesUsingJS -->
