<?xml version="1.0" encoding="UTF-8"?>
<!-- Generated by org.testng.reporters.JUnitXMLReporter -->
<testsuite ignored="0" hostname="ATMECSINLT-601" failures="0" tests="16" name="Test" time="145.934" errors="0" timestamp="2020-09-28T20:06:11 IST">
  <testcase classname="com.atmecs.demo_blazesite.AddProduct" name="addProduct" time="4.219"/>
  <testcase classname="com.atmecs.demo_blazesite.SignIn" name="signIn" time="1.428"/>
  <testcase classname="com.atmecs.demo_blazesite.SignIn" name="signIn" time="1.407"/>
  <testcase classname="com.atmecs.demo_blazesite.SignIn" name="signIn" time="1.429"/>
  <testcase classname="com.atmecs.demo_blazesite.SignIn" name="signIn" time="1.431"/>
  <testcase classname="com.atmecs.demo_blazesite.SignIn" name="signIn" time="1.887"/>
  <testcase classname="com.atmecs.demo_blazesite.ContactUs" name="contactUs" time="0.505"/>
  <testcase classname="com.atmecs.demo_blazesite.ContactUs" name="contactUs" time="0.552"/>
  <testcase classname="com.atmecs.demo_blazesite.ContactUs" name="contactUs" time="0.57"/>
  <testcase classname="com.atmecs.demo_blazesite.ContactUs" name="contactUs" time="0.562"/>
  <testcase classname="com.atmecs.demo_blazesite.ContactUs" name="contactUs" time="0.58"/>
  <testcase classname="com.atmecs.demo_blazesite.Login" name="logIn" time="0.446"/>
  <testcase classname="com.atmecs.demo_blazesite.Login" name="logIn" time="0.387"/>
  <testcase classname="com.atmecs.demo_blazesite.Login" name="logIn" time="0.393"/>
  <testcase classname="com.atmecs.demo_blazesite.Login" name="logIn" time="0.429"/>
  <testcase classname="com.atmecs.demo_blazesite.Login" name="logIn" time="0.388"/>
</testsuite> <!-- Test -->
