<?xml version="1.0" encoding="UTF-8"?>
<!-- Generated by org.testng.reporters.JUnitXMLReporter -->
<testsuite ignored="0" hostname="ATMECSINLT-601" failures="4" tests="4" name="Test" time="39.649" errors="0" timestamp="2020-09-25T15:56:12 IST">
  <testcase classname="com.atmecs.demo_blazesite.AddProduct" name="addProduct" time="1.129">
    <failure type="java.lang.IllegalArgumentException" message="Cannot find elements when the XPath is null.">
      <![CDATA[java.lang.IllegalArgumentException: Cannot find elements when the XPath is null.
at org.openqa.selenium.By$ByXPath.<init>(By.java:339)
at org.openqa.selenium.By.xpath(By.java:92)
at com.atmecs.demo_blazesite.helper.Helpers.clickOperation(Helpers.java:29)
at com.atmecs.demo_blazesite.pagehelper.AddProductToCartTest.selectAndAddToCartProduct(AddProductToCartTest.java:32)
at com.atmecs.demo_blazesite.AddProduct.addProduct(AddProduct.java:15)
at java.base/java.util.ArrayList.forEach(ArrayList.java:1510)
... Removed 27 stack frames]]>
    </failure>
  </testcase> <!-- addProduct -->
  <testcase classname="com.atmecs.demo_blazesite.SignIn" name="signIn" time="0.094">
    <failure type="java.lang.IllegalArgumentException" message="Keys to send should be a not null CharSequence">
      <![CDATA[java.lang.IllegalArgumentException: Keys to send should be a not null CharSequence
at org.openqa.selenium.remote.RemoteWebElement.sendKeys(RemoteWebElement.java:97)
at com.atmecs.demo_blazesite.helper.Helpers.textbox(Helpers.java:34)
at com.atmecs.demo_blazesite.pagehelper.SignInTest.signUpTest(SignInTest.java:37)
at com.atmecs.demo_blazesite.SignIn.signIn(SignIn.java:17)
at java.base/java.util.ArrayList.forEach(ArrayList.java:1510)
... Removed 27 stack frames]]>
    </failure>
  </testcase> <!-- signIn -->
  <testcase classname="com.atmecs.demo_blazesite.ContactUs" name="contactUs" time="0.136">
    <failure type="java.lang.IllegalArgumentException" message="Keys to send should be a not null CharSequence">
      <![CDATA[java.lang.IllegalArgumentException: Keys to send should be a not null CharSequence
at org.openqa.selenium.remote.RemoteWebElement.sendKeys(RemoteWebElement.java:97)
at com.atmecs.demo_blazesite.helper.Helpers.textbox(Helpers.java:34)
at com.atmecs.demo_blazesite.pagehelper.ContactUsTest.contactUsScript(ContactUsTest.java:37)
at com.atmecs.demo_blazesite.ContactUs.contactUs(ContactUs.java:17)
at java.base/java.util.ArrayList.forEach(ArrayList.java:1510)
... Removed 27 stack frames]]>
    </failure>
  </testcase> <!-- contactUs -->
  <testcase classname="com.atmecs.demo_blazesite.Login" name="logIn" time="0.082">
    <failure type="java.lang.IllegalArgumentException" message="Keys to send should be a not null CharSequence">
      <![CDATA[java.lang.IllegalArgumentException: Keys to send should be a not null CharSequence
at org.openqa.selenium.remote.RemoteWebElement.sendKeys(RemoteWebElement.java:97)
at com.atmecs.demo_blazesite.helper.Helpers.textbox(Helpers.java:34)
at com.atmecs.demo_blazesite.pagehelper.LogInTest.logInTest(LogInTest.java:38)
at com.atmecs.demo_blazesite.Login.logIn(Login.java:17)
at java.base/java.util.ArrayList.forEach(ArrayList.java:1510)
... Removed 27 stack frames]]>
    </failure>
  </testcase> <!-- logIn -->
</testsuite> <!-- Test -->
